0 info it worked if it ends with ok
1 verbose cli [ 'D:\\Program Files\\nodejs\\node.exe',
1 verbose cli   'D:\\Program Files\\nodejs\\node_modules\\npm\\bin\\npm-cli.js',
1 verbose cli   'run',
1 verbose cli   'production' ]
2 info using npm@3.10.10
3 info using node@v6.9.4
4 verbose run-script [ 'preproduction', 'production', 'postproduction' ]
5 info lifecycle @~preproduction: @
6 silly lifecycle @~preproduction: no script for preproduction, continuing
7 info lifecycle @~production: @
8 verbose lifecycle @~production: unsafe-perm in lifecycle true
9 verbose lifecycle @~production: PATH: D:\Program Files\nodejs\node_modules\npm\bin\node-gyp-bin;D:\xampp\htdocs\smpshop\node_modules\.bin;D:\ProgramData\Oracle\Java\javapath;D:\Windows\system32;D:\Windows;D:\Windows\System32\Wbem;D:\Windows\System32\WindowsPowerShell\v1.0\;D:\Program Files (x86)\Intel\OpenCL SDK\2.0\bin\x86;D:\Program Files (x86)\Intel\OpenCL SDK\2.0\bin\x64;D:\Program Files\nodejs\;D:\xampp\php;D:\ProgramData\ComposerSetup\bin;D:\Program Files (x86)\OpenSSH\bin;D:\Program Files (x86)\Windows Kits\8.1\Windows Performance Toolkit\;D:\Program Files\Git\cmd;D:\Program Files (x86)\Skype\Phone\;D:\RailsInstaller\Git\cmd;D:\RailsInstaller\Ruby2.2.0\bin;D:\Program Files\nodejs;D:\Users\VIENTHUONG\AppData\Roaming\npm;D:\Users\VIENTHUONG\AppData\Roaming\Composer\vendor\bin;D:\Program Files\Heroku\bin
10 verbose lifecycle @~production: CWD: D:\xampp\htdocs\smpshop
11 silly lifecycle @~production: Args: [ '/d /s /c',
11 silly lifecycle   'node node_modules/cross-env/dist/bin/cross-env.js NODE_ENV=production node_modules/webpack/bin/webpack.js --progress --hide-modules --config=node_modules/laravel-mix/setup/webpack.config.js' ]
12 verbose stack Error: kill ENOSYS
12 verbose stack     at exports._errnoException (util.js:1022:11)
12 verbose stack     at process.kill (internal/process.js:172:13)
12 verbose stack     at process.listener (D:\Program Files\nodejs\node_modules\npm\node_modules\npmlog\node_modules\gauge\node_modules\signal-exit\index.js:86:15)
12 verbose stack     at emitNone (events.js:91:20)
12 verbose stack     at process.emit (events.js:185:7)
12 verbose stack     at processEmit (D:\Program Files\nodejs\node_modules\npm\node_modules\npmlog\node_modules\gauge\node_modules\signal-exit\index.js:146:32)
12 verbose stack     at processEmit (D:\Program Files\nodejs\node_modules\npm\node_modules\npm-registry-client\node_modules\npmlog\node_modules\gauge\node_modules\signal-exit\index.js:146:32)
12 verbose stack     at Signal.wrap.onsignal (internal/process.js:199:44)
13 verbose cwd D:\xampp\htdocs\smpshop
14 error Windows_NT 6.1.7601
15 error argv "D:\\Program Files\\nodejs\\node.exe" "D:\\Program Files\\nodejs\\node_modules\\npm\\bin\\npm-cli.js" "run" "production"
16 error node v6.9.4
17 error npm  v3.10.10
18 error code ENOSYS
19 error errno ENOSYS
20 error syscall kill
21 error kill ENOSYS
22 error If you need help, you may report this error at:
22 error     <https://github.com/npm/npm/issues>
23 verbose exit [ 1, true ]
